
10월 26, 2020 11:51:38.529 NEW SESSION
10월 26, 2020 11:51:38.529 [1026/115138.524:ERROR:directory_reader_win.cc(43)] FindFirstFile: 지정된 경로를 찾을 수 없습니다. (0x3)
10월 26, 2020 12:50:39.898 [5800:13800:1026/125039.897:ERROR:socket_stream.cc(219)] Closing stream with result -2
10월 26, 2020 13:30:46.678 [5800:13800:1026/133046.677:ERROR:socket_stream.cc(219)] Closing stream with result -2

11월 10, 2020 17:15:21.670 NEW SESSION
11월 10, 2020 17:15:21.670 [7208:3016:1110/171521.666:ERROR:connection_factory_impl.cc(428)] Failed to connect to MCS endpoint with error -106

12월 11, 2020 06:26:19.382 NEW SESSION
12월 11, 2020 06:26:19.382 [10336:14368:1211/062619.378:ERROR:device_event_log_impl.cc(211)] [06:26:19.378] USB: usb_device_handle_win.cc:1020 Failed to read descriptor from node connection: 시스템에 부착된 장치가 작동하지 않습니다. (0x1F)
12월 11, 2020 06:26:19.385 [10336:14368:1211/062619.379:ERROR:device_event_log_impl.cc(211)] [06:26:19.379] USB: usb_device_handle_win.cc:1020 Failed to read descriptor from node connection: 시스템에 부착된 장치가 작동하지 않습니다. (0x1F)
12월 11, 2020 06:26:19.415 [10336:10704:1211/062619.414:ERROR:connection_factory_impl.cc(428)] Failed to connect to MCS endpoint with error -106
12월 11, 2020 06:26:44.690 [3564:5632:1211/062644.689:ERROR:device_event_log_impl.cc(211)] [06:26:44.689] USB: usb_device_handle_win.cc:1020 Failed to read descriptor from node connection: 시스템에 부착된 장치가 작동하지 않습니다. (0x1F)
12월 11, 2020 06:26:44.693 [3564:5632:1211/062644.690:ERROR:device_event_log_impl.cc(211)] [06:26:44.690] USB: usb_device_handle_win.cc:1020 Failed to read descriptor from node connection: 시스템에 부착된 장치가 작동하지 않습니다. (0x1F)
12월 11, 2020 06:36:35.571 [1211/063635.570:ERROR:directory_reader_win.cc(43)] FindFirstFile: 지정된 경로를 찾을 수 없습니다. (0x3)

12월 11, 2020 06:40:46.724 NEW SESSION
12월 11, 2020 06:40:46.724 [16900:6488:1211/064046.721:ERROR:device_event_log_impl.cc(211)] [06:40:46.722] USB: usb_device_handle_win.cc:1020 Failed to read descriptor from node connection: 시스템에 부착된 장치가 작동하지 않습니다. (0x1F)
12월 11, 2020 06:40:46.724 [16900:6488:1211/064046.721:ERROR:device_event_log_impl.cc(211)] [06:40:46.722] USB: usb_device_handle_win.cc:1020 Failed to read descriptor from node connection: 시스템에 부착된 장치가 작동하지 않습니다. (0x1F)
12월 11, 2020 06:50:36.720 [1211/065036.718:ERROR:directory_reader_win.cc(43)] FindFirstFile: 지정된 경로를 찾을 수 없습니다. (0x3)

12월 12, 2020 14:47:25.473 NEW SESSION
12월 12, 2020 14:47:25.474 [9340:1804:1212/144725.471:ERROR:device_event_log_impl.cc(211)] [14:47:25.470] USB: usb_device_handle_win.cc:1020 Failed to read descriptor from node connection: 시스템에 부착된 장치가 작동하지 않습니다. (0x1F)
12월 12, 2020 14:47:25.475 [9340:1804:1212/144725.471:ERROR:device_event_log_impl.cc(211)] [14:47:25.471] USB: usb_device_handle_win.cc:1020 Failed to read descriptor from node connection: 시스템에 부착된 장치가 작동하지 않습니다. (0x1F)

12월 30, 2020 01:03:30.187 NEW SESSION
12월 30, 2020 01:03:30.188 [16216:16220:1230/010330.185:ERROR:device_event_log_impl.cc(211)] [01:03:30.184] USB: usb_device_handle_win.cc:1020 Failed to read descriptor from node connection: 시스템에 부착된 장치가 작동하지 않습니다. (0x1F)
12월 30, 2020 01:03:30.189 [16216:16220:1230/010330.185:ERROR:device_event_log_impl.cc(211)] [01:03:30.186] USB: usb_device_handle_win.cc:1020 Failed to read descriptor from node connection: 시스템에 부착된 장치가 작동하지 않습니다. (0x1F)
12월 30, 2020 01:04:17.558 [16860:16864:1230/010417.558:ERROR:device_event_log_impl.cc(211)] [01:04:17.558] USB: usb_device_handle_win.cc:1020 Failed to read descriptor from node connection: 시스템에 부착된 장치가 작동하지 않습니다. (0x1F)
12월 30, 2020 01:04:17.561 [16860:16864:1230/010417.558:ERROR:device_event_log_impl.cc(211)] [01:04:17.559] USB: usb_device_handle_win.cc:1020 Failed to read descriptor from node connection: 시스템에 부착된 장치가 작동하지 않습니다. (0x1F)
12월 30, 2020 01:04:17.563 [16860:16864:1230/010417.558:ERROR:device_event_log_impl.cc(211)] [01:04:17.559] USB: usb_device_handle_win.cc:1020 Failed to read descriptor from node connection: 시스템에 부착된 장치가 작동하지 않습니다. (0x1F)

3월 01, 2021 21:28:23.862 NEW SESSION
3월 01, 2021 21:28:23.862 [11900:13268:0301/212823.859:ERROR:device_event_log_impl.cc(211)] [21:28:23.859] USB: usb_device_handle_win.cc:1049 Failed to read descriptor from node connection: 시스템에 부착된 장치가 작동하지 않습니다. (0x1F)
3월 01, 2021 21:28:23.866 [11900:13268:0301/212823.860:ERROR:device_event_log_impl.cc(211)] [21:28:23.860] USB: usb_device_handle_win.cc:1049 Failed to read descriptor from node connection: 시스템에 부착된 장치가 작동하지 않습니다. (0x1F)

3월 11, 2021 24:41:55.775 NEW SESSION
3월 11, 2021 24:41:55.775 [14440:14452:0311/004155.772:ERROR:device_event_log_impl.cc(211)] [00:41:55.772] USB: usb_device_handle_win.cc:1049 Failed to read descriptor from node connection: 시스템에 부착된 장치가 작동하지 않습니다. (0x1F)
3월 11, 2021 24:41:55.777 [14440:14452:0311/004155.773:ERROR:device_event_log_impl.cc(211)] [00:41:55.772] USB: usb_device_handle_win.cc:1049 Failed to read descriptor from node connection: 시스템에 부착된 장치가 작동하지 않습니다. (0x1F)

5월 11, 2021 08:35:02.779 NEW SESSION
5월 11, 2021 08:35:02.779 [13580:15292:0511/083502.774:ERROR:device_event_log_impl.cc(214)] [08:35:02.775] USB: usb_device_handle_win.cc:1054 Failed to read descriptor from node connection: 시스템에 부착된 장치가 작동하지 않습니다. (0x1F)
5월 11, 2021 08:35:02.781 [13580:15292:0511/083502.776:ERROR:device_event_log_impl.cc(214)] [08:35:02.776] USB: usb_device_handle_win.cc:1054 Failed to read descriptor from node connection: 시스템에 부착된 장치가 작동하지 않습니다. (0x1F)
5월 11, 2021 08:35:02.862 [13580:18972:0511/083502.862:ERROR:connection_factory_impl.cc(428)] Failed to connect to MCS endpoint with error -106

5월 12, 2021 09:16:22.510 NEW SESSION
5월 12, 2021 09:16:22.511 [14444:14388:0512/091622.506:ERROR:device_event_log_impl.cc(214)] [09:16:22.507] USB: usb_device_handle_win.cc:1054 Failed to read descriptor from node connection: 시스템에 부착된 장치가 작동하지 않습니다. (0x1F)
5월 12, 2021 09:16:22.513 [14444:14388:0512/091622.508:ERROR:device_event_log_impl.cc(214)] [09:16:22.508] USB: usb_device_handle_win.cc:1054 Failed to read descriptor from node connection: 시스템에 부착된 장치가 작동하지 않습니다. (0x1F)
5월 12, 2021 09:52:49.709 [14444:14388:0512/095249.699:ERROR:CONSOLE(1)] "Request Runtime.evaluate failed. {"code":-32602,"message":"uniqueContextId not found"}", source: devtools://devtools/bundled/protocol_client/protocol_client.js (1)
5월 12, 2021 09:52:49.711 [14444:14388:0512/095249.700:ERROR:CONSOLE(1)] "uniqueContextId not found", source: devtools://devtools/bundled/sdk/sdk.js (1)
5월 12, 2021 09:52:49.712 [14444:14388:0512/095249.701:ERROR:CONSOLE(1)] "Extension server error: Inspector protocol error: uniqueContextId not found", source: devtools://devtools/bundled/extensions/extensions.js (1)
5월 12, 2021 17:41:46.631 [14444:17944:0512/174146.627:ERROR:connection_factory_impl.cc(428)] Failed to connect to MCS endpoint with error -106
5월 12, 2021 17:41:46.637 [14444:20216:0512/174146.633:ERROR:get_updates_processor.cc(257)] PostClientToServerMessage() failed during GetUpdates with error 2
5월 12, 2021 17:42:16.23 [14444:17944:0512/174216.022:ERROR:connection_factory_impl.cc(428)] Failed to connect to MCS endpoint with error -106
5월 12, 2021 17:42:31.651 [14444:20216:0512/174231.650:ERROR:get_updates_processor.cc(257)] PostClientToServerMessage() failed during GetUpdates with error 2
5월 12, 2021 17:43:02.271 [14444:17944:0512/174302.270:ERROR:connection_factory_impl.cc(428)] Failed to connect to MCS endpoint with error -106
5월 12, 2021 17:43:39.164 [14444:18892:0512/174339.163:ERROR:get_updates_processor.cc(257)] PostClientToServerMessage() failed during GetUpdates with error 2
5월 12, 2021 17:44:41.242 [14444:17944:0512/174441.241:ERROR:connection_factory_impl.cc(428)] Failed to connect to MCS endpoint with error -106
5월 12, 2021 17:45:20.428 [14444:20216:0512/174520.420:ERROR:get_updates_processor.cc(257)] PostClientToServerMessage() failed during GetUpdates with error 2
5월 12, 2021 17:48:14.578 [14444:17944:0512/174814.568:ERROR:connection_factory_impl.cc(428)] Failed to connect to MCS endpoint with error -106
5월 12, 2021 17:49:33.562 [14444:14456:0512/174933.561:ERROR:get_updates_processor.cc(257)] PostClientToServerMessage() failed during GetUpdates with error 2
5월 12, 2021 19:49:49.128 [14444:17944:0512/194949.127:ERROR:connection_factory_impl.cc(428)] Failed to connect to MCS endpoint with error -106
5월 12, 2021 19:49:49.207 [14444:9752:0512/194949.206:ERROR:get_updates_processor.cc(257)] PostClientToServerMessage() failed during GetUpdates with error 2

5월 25, 2021 08:56:41.618 NEW SESSION
5월 25, 2021 08:56:41.618 [20084:20604:0525/085641.616:ERROR:device_event_log_impl.cc(214)] [08:56:41.615] USB: usb_device_handle_win.cc:1054 Failed to read descriptor from node connection: 시스템에 부착된 장치가 작동하지 않습니다. (0x1F)
5월 25, 2021 08:56:41.619 [20084:20604:0525/085641.617:ERROR:device_event_log_impl.cc(214)] [08:56:41.616] USB: usb_device_handle_win.cc:1054 Failed to read descriptor from node connection: 시스템에 부착된 장치가 작동하지 않습니다. (0x1F)
5월 25, 2021 10:51:16.71 [20084:20604:0525/105116.069:ERROR:device_event_log_impl.cc(214)] [10:51:16.069] USB: usb_service_win.cc:258 Failed to get device driver name: 요소가 없습니다. (0x490)
5월 25, 2021 10:59:30.895 [20084:20604:0525/105930.893:ERROR:CONSOLE(1)] "Request Runtime.evaluate failed. {"code":-32602,"message":"uniqueContextId not found"}", source: devtools://devtools/bundled/protocol_client/protocol_client.js (1)
5월 25, 2021 10:59:30.898 [20084:20604:0525/105930.895:ERROR:CONSOLE(1)] "uniqueContextId not found", source: devtools://devtools/bundled/sdk/sdk.js (1)
5월 25, 2021 10:59:30.900 [20084:20604:0525/105930.897:ERROR:CONSOLE(1)] "Extension server error: Inspector protocol error: uniqueContextId not found", source: devtools://devtools/bundled/extensions/extensions.js (1)
5월 25, 2021 11:01:17.74 [20084:20604:0525/110117.073:ERROR:CONSOLE(1)] "Request Runtime.evaluate failed. {"code":-32602,"message":"uniqueContextId not found"}", source: devtools://devtools/bundled/protocol_client/protocol_client.js (1)
5월 25, 2021 11:01:17.77 [20084:20604:0525/110117.076:ERROR:CONSOLE(1)] "uniqueContextId not found", source: devtools://devtools/bundled/sdk/sdk.js (1)
5월 25, 2021 11:01:17.78 [20084:20604:0525/110117.077:ERROR:CONSOLE(1)] "Extension server error: Inspector protocol error: uniqueContextId not found", source: devtools://devtools/bundled/extensions/extensions.js (1)
5월 25, 2021 11:02:02.886 [20084:20604:0525/110202.886:ERROR:CONSOLE(1)] "Request Runtime.evaluate failed. {"code":-32602,"message":"uniqueContextId not found"}", source: devtools://devtools/bundled/protocol_client/protocol_client.js (1)
5월 25, 2021 11:02:02.889 [20084:20604:0525/110202.888:ERROR:CONSOLE(1)] "uniqueContextId not found", source: devtools://devtools/bundled/sdk/sdk.js (1)
5월 25, 2021 11:02:02.891 [20084:20604:0525/110202.889:ERROR:CONSOLE(1)] "Extension server error: Inspector protocol error: uniqueContextId not found", source: devtools://devtools/bundled/extensions/extensions.js (1)
5월 25, 2021 11:08:55.145 [20084:20604:0525/110855.145:ERROR:CONSOLE(1)] "Request Runtime.evaluate failed. {"code":-32602,"message":"uniqueContextId not found"}", source: devtools://devtools/bundled/protocol_client/protocol_client.js (1)
5월 25, 2021 11:08:55.149 [20084:20604:0525/110855.147:ERROR:CONSOLE(1)] "uniqueContextId not found", source: devtools://devtools/bundled/sdk/sdk.js (1)
5월 25, 2021 11:08:55.150 [20084:20604:0525/110855.149:ERROR:CONSOLE(1)] "Extension server error: Inspector protocol error: uniqueContextId not found", source: devtools://devtools/bundled/extensions/extensions.js (1)
5월 25, 2021 11:11:59.948 [20084:20604:0525/111159.947:ERROR:CONSOLE(1)] "Request Runtime.evaluate failed. {"code":-32602,"message":"uniqueContextId not found"}", source: devtools://devtools/bundled/protocol_client/protocol_client.js (1)
5월 25, 2021 11:11:59.950 [20084:20604:0525/111159.949:ERROR:CONSOLE(1)] "uniqueContextId not found", source: devtools://devtools/bundled/sdk/sdk.js (1)
5월 25, 2021 11:11:59.951 [20084:20604:0525/111159.949:ERROR:CONSOLE(1)] "Extension server error: Inspector protocol error: uniqueContextId not found", source: devtools://devtools/bundled/extensions/extensions.js (1)
5월 25, 2021 11:12:26.899 [20084:20604:0525/111226.899:ERROR:CONSOLE(1)] "Request Runtime.evaluate failed. {"code":-32602,"message":"uniqueContextId not found"}", source: devtools://devtools/bundled/protocol_client/protocol_client.js (1)
5월 25, 2021 11:12:26.902 [20084:20604:0525/111226.899:ERROR:CONSOLE(1)] "uniqueContextId not found", source: devtools://devtools/bundled/sdk/sdk.js (1)
5월 25, 2021 11:12:26.903 [20084:20604:0525/111226.899:ERROR:CONSOLE(1)] "Extension server error: Inspector protocol error: uniqueContextId not found", source: devtools://devtools/bundled/extensions/extensions.js (1)
5월 25, 2021 11:15:29.02 [20084:20604:0525/111529.002:ERROR:CONSOLE(1)] "Request Runtime.evaluate failed. {"code":-32602,"message":"uniqueContextId not found"}", source: devtools://devtools/bundled/protocol_client/protocol_client.js (1)
5월 25, 2021 11:15:29.07 [20084:20604:0525/111529.006:ERROR:CONSOLE(1)] "uniqueContextId not found", source: devtools://devtools/bundled/sdk/sdk.js (1)
5월 25, 2021 11:15:29.10 [20084:20604:0525/111529.008:ERROR:CONSOLE(1)] "Extension server error: Inspector protocol error: uniqueContextId not found", source: devtools://devtools/bundled/extensions/extensions.js (1)
5월 25, 2021 11:16:31.670 [20084:20604:0525/111631.670:ERROR:CONSOLE(1)] "Request Runtime.evaluate failed. {"code":-32602,"message":"uniqueContextId not found"}", source: devtools://devtools/bundled/protocol_client/protocol_client.js (1)
5월 25, 2021 11:16:31.674 [20084:20604:0525/111631.671:ERROR:CONSOLE(1)] "uniqueContextId not found", source: devtools://devtools/bundled/sdk/sdk.js (1)
5월 25, 2021 11:16:31.675 [20084:20604:0525/111631.673:ERROR:CONSOLE(1)] "Extension server error: Inspector protocol error: uniqueContextId not found", source: devtools://devtools/bundled/extensions/extensions.js (1)
5월 25, 2021 11:16:41.672 [20084:20604:0525/111641.672:ERROR:CONSOLE(1)] "Request Runtime.evaluate failed. {"code":-32602,"message":"uniqueContextId not found"}", source: devtools://devtools/bundled/protocol_client/protocol_client.js (1)
5월 25, 2021 11:16:41.676 [20084:20604:0525/111641.675:ERROR:CONSOLE(1)] "uniqueContextId not found", source: devtools://devtools/bundled/sdk/sdk.js (1)
5월 25, 2021 11:16:41.679 [20084:20604:0525/111641.676:ERROR:CONSOLE(1)] "Extension server error: Inspector protocol error: uniqueContextId not found", source: devtools://devtools/bundled/extensions/extensions.js (1)
5월 25, 2021 11:20:39.691 [20084:20604:0525/112039.690:ERROR:CONSOLE(1)] "Request Runtime.evaluate failed. {"code":-32602,"message":"uniqueContextId not found"}", source: devtools://devtools/bundled/protocol_client/protocol_client.js (1)
5월 25, 2021 11:20:39.691 [20084:20604:0525/112039.690:ERROR:CONSOLE(1)] "uniqueContextId not found", source: devtools://devtools/bundled/sdk/sdk.js (1)
5월 25, 2021 11:20:39.693 [20084:20604:0525/112039.690:ERROR:CONSOLE(1)] "Extension server error: Inspector protocol error: uniqueContextId not found", source: devtools://devtools/bundled/extensions/extensions.js (1)
5월 25, 2021 11:23:48.950 [20084:20604:0525/112348.949:ERROR:CONSOLE(1)] "Request Runtime.evaluate failed. {"code":-32602,"message":"uniqueContextId not found"}", source: devtools://devtools/bundled/protocol_client/protocol_client.js (1)
5월 25, 2021 11:23:48.953 [20084:20604:0525/112348.953:ERROR:CONSOLE(1)] "uniqueContextId not found", source: devtools://devtools/bundled/sdk/sdk.js (1)
5월 25, 2021 11:23:48.955 [20084:20604:0525/112348.953:ERROR:CONSOLE(1)] "Extension server error: Inspector protocol error: uniqueContextId not found", source: devtools://devtools/bundled/extensions/extensions.js (1)
5월 25, 2021 11:24:31.871 [20084:20604:0525/112431.871:ERROR:CONSOLE(1)] "Request Runtime.evaluate failed. {"code":-32602,"message":"uniqueContextId not found"}", source: devtools://devtools/bundled/protocol_client/protocol_client.js (1)
5월 25, 2021 11:24:31.875 [20084:20604:0525/112431.873:ERROR:CONSOLE(1)] "uniqueContextId not found", source: devtools://devtools/bundled/sdk/sdk.js (1)
5월 25, 2021 11:24:31.878 [20084:20604:0525/112431.873:ERROR:CONSOLE(1)] "Extension server error: Inspector protocol error: uniqueContextId not found", source: devtools://devtools/bundled/extensions/extensions.js (1)
5월 25, 2021 11:25:41.662 [20084:20604:0525/112541.662:ERROR:CONSOLE(1)] "Request Runtime.evaluate failed. {"code":-32602,"message":"uniqueContextId not found"}", source: devtools://devtools/bundled/protocol_client/protocol_client.js (1)
5월 25, 2021 11:25:41.663 [20084:20604:0525/112541.663:ERROR:CONSOLE(1)] "uniqueContextId not found", source: devtools://devtools/bundled/sdk/sdk.js (1)
5월 25, 2021 11:25:41.666 [20084:20604:0525/112541.663:ERROR:CONSOLE(1)] "Extension server error: Inspector protocol error: uniqueContextId not found", source: devtools://devtools/bundled/extensions/extensions.js (1)
5월 25, 2021 11:28:02.872 [20084:20604:0525/112802.872:ERROR:CONSOLE(1)] "Request Runtime.evaluate failed. {"code":-32602,"message":"uniqueContextId not found"}", source: devtools://devtools/bundled/protocol_client/protocol_client.js (1)
5월 25, 2021 11:28:02.874 [20084:20604:0525/112802.874:ERROR:CONSOLE(1)] "uniqueContextId not found", source: devtools://devtools/bundled/sdk/sdk.js (1)
5월 25, 2021 11:28:02.876 [20084:20604:0525/112802.874:ERROR:CONSOLE(1)] "Extension server error: Inspector protocol error: uniqueContextId not found", source: devtools://devtools/bundled/extensions/extensions.js (1)
5월 25, 2021 11:30:20.101 [20084:20604:0525/113020.100:ERROR:CONSOLE(1)] "Request Runtime.evaluate failed. {"code":-32602,"message":"uniqueContextId not found"}", source: devtools://devtools/bundled/protocol_client/protocol_client.js (1)
5월 25, 2021 11:30:20.104 [20084:20604:0525/113020.103:ERROR:CONSOLE(1)] "uniqueContextId not found", source: devtools://devtools/bundled/sdk/sdk.js (1)
5월 25, 2021 11:30:20.107 [20084:20604:0525/113020.104:ERROR:CONSOLE(1)] "Extension server error: Inspector protocol error: uniqueContextId not found", source: devtools://devtools/bundled/extensions/extensions.js (1)
5월 25, 2021 13:02:54.383 [20084:13508:0525/130254.382:ERROR:get_updates_processor.cc(257)] PostClientToServerMessage() failed during GetUpdates with error 2
5월 25, 2021 13:02:54.767 [20084:12588:0525/130254.767:ERROR:connection_factory_impl.cc(428)] Failed to connect to MCS endpoint with error -105
5월 25, 2021 13:02:54.773 [20084:14272:0525/130254.770:ERROR:get_updates_processor.cc(257)] PostClientToServerMessage() failed during GetUpdates with error 2
5월 25, 2021 13:03:03.934 [20084:12588:0525/130303.933:ERROR:connection_factory_impl.cc(428)] Failed to connect to MCS endpoint with error -105
5월 25, 2021 13:03:03.937 [20084:14272:0525/130303.935:ERROR:get_updates_processor.cc(257)] PostClientToServerMessage() failed during GetUpdates with error 2
5월 25, 2021 13:15:05.431 [20084:20604:0525/131505.430:ERROR:CONSOLE(1)] "Request Runtime.evaluate failed. {"code":-32602,"message":"uniqueContextId not found"}", source: devtools://devtools/bundled/protocol_client/protocol_client.js (1)
5월 25, 2021 13:15:05.433 [20084:20604:0525/131505.431:ERROR:CONSOLE(1)] "uniqueContextId not found", source: devtools://devtools/bundled/sdk/sdk.js (1)
5월 25, 2021 13:15:05.435 [20084:20604:0525/131505.433:ERROR:CONSOLE(1)] "Extension server error: Inspector protocol error: uniqueContextId not found", source: devtools://devtools/bundled/extensions/extensions.js (1)
5월 25, 2021 13:15:05.437 [20084:20604:0525/131505.433:ERROR:CONSOLE(1)] "Request Runtime.evaluate failed. {"code":-32602,"message":"uniqueContextId not found"}", source: devtools://devtools/bundled/protocol_client/protocol_client.js (1)
5월 25, 2021 13:15:05.438 [20084:20604:0525/131505.433:ERROR:CONSOLE(1)] "uniqueContextId not found", source: devtools://devtools/bundled/sdk/sdk.js (1)
5월 25, 2021 13:15:05.439 [20084:20604:0525/131505.433:ERROR:CONSOLE(1)] "Extension server error: Inspector protocol error: uniqueContextId not found", source: devtools://devtools/bundled/extensions/extensions.js (1)
5월 25, 2021 13:17:23.150 [20084:20604:0525/131723.149:ERROR:CONSOLE(1)] "Request Runtime.evaluate failed. {"code":-32602,"message":"uniqueContextId not found"}", source: devtools://devtools/bundled/protocol_client/protocol_client.js (1)
5월 25, 2021 13:17:23.153 [20084:20604:0525/131723.152:ERROR:CONSOLE(1)] "uniqueContextId not found", source: devtools://devtools/bundled/sdk/sdk.js (1)
5월 25, 2021 13:17:23.154 [20084:20604:0525/131723.153:ERROR:CONSOLE(1)] "Extension server error: Inspector protocol error: uniqueContextId not found", source: devtools://devtools/bundled/extensions/extensions.js (1)
5월 25, 2021 13:30:15.491 [20084:20604:0525/133015.491:ERROR:CONSOLE(1)] "Request Runtime.evaluate failed. {"code":-32602,"message":"uniqueContextId not found"}", source: devtools://devtools/bundled/protocol_client/protocol_client.js (1)
5월 25, 2021 13:30:15.496 [20084:20604:0525/133015.495:ERROR:CONSOLE(1)] "uniqueContextId not found", source: devtools://devtools/bundled/sdk/sdk.js (1)
5월 25, 2021 13:30:15.497 [20084:20604:0525/133015.497:ERROR:CONSOLE(1)] "Extension server error: Inspector protocol error: uniqueContextId not found", source: devtools://devtools/bundled/extensions/extensions.js (1)
5월 25, 2021 13:30:35.579 [20084:20604:0525/133035.578:ERROR:CONSOLE(1)] "Request Runtime.evaluate failed. {"code":-32602,"message":"uniqueContextId not found"}", source: devtools://devtools/bundled/protocol_client/protocol_client.js (1)
5월 25, 2021 13:30:35.581 [20084:20604:0525/133035.580:ERROR:CONSOLE(1)] "uniqueContextId not found", source: devtools://devtools/bundled/sdk/sdk.js (1)
5월 25, 2021 13:30:35.582 [20084:20604:0525/133035.581:ERROR:CONSOLE(1)] "Extension server error: Inspector protocol error: uniqueContextId not found", source: devtools://devtools/bundled/extensions/extensions.js (1)
5월 25, 2021 13:40:16.888 [20084:20604:0525/134016.888:ERROR:CONSOLE(1)] "Request Runtime.evaluate failed. {"code":-32602,"message":"uniqueContextId not found"}", source: devtools://devtools/bundled/protocol_client/protocol_client.js (1)
5월 25, 2021 13:40:16.891 [20084:20604:0525/134016.890:ERROR:CONSOLE(1)] "uniqueContextId not found", source: devtools://devtools/bundled/sdk/sdk.js (1)
5월 25, 2021 13:40:16.893 [20084:20604:0525/134016.892:ERROR:CONSOLE(1)] "Extension server error: Inspector protocol error: uniqueContextId not found", source: devtools://devtools/bundled/extensions/extensions.js (1)
5월 25, 2021 14:50:32.754 [20084:20604:0525/145032.754:ERROR:CONSOLE(1)] "Request Runtime.evaluate failed. {"code":-32602,"message":"uniqueContextId not found"}", source: devtools://devtools/bundled/protocol_client/protocol_client.js (1)
5월 25, 2021 14:50:32.759 [20084:20604:0525/145032.754:ERROR:CONSOLE(1)] "uniqueContextId not found", source: devtools://devtools/bundled/sdk/sdk.js (1)
5월 25, 2021 14:50:32.759 [20084:20604:0525/145032.756:ERROR:CONSOLE(1)] "Extension server error: Inspector protocol error: uniqueContextId not found", source: devtools://devtools/bundled/extensions/extensions.js (1)
5월 25, 2021 14:54:13.323 [20084:20604:0525/145413.323:ERROR:CONSOLE(1)] "Request Runtime.evaluate failed. {"code":-32602,"message":"uniqueContextId not found"}", source: devtools://devtools/bundled/protocol_client/protocol_client.js (1)
5월 25, 2021 14:54:13.326 [20084:20604:0525/145413.325:ERROR:CONSOLE(1)] "uniqueContextId not found", source: devtools://devtools/bundled/sdk/sdk.js (1)
5월 25, 2021 14:54:13.327 [20084:20604:0525/145413.326:ERROR:CONSOLE(1)] "Extension server error: Inspector protocol error: uniqueContextId not found", source: devtools://devtools/bundled/extensions/extensions.js (1)

5월 28, 2021 18:39:14.09 NEW SESSION
5월 28, 2021 18:39:14.09 [23684:20148:0528/183914.006:ERROR:device_event_log_impl.cc(214)] [18:39:14.006] USB: usb_device_handle_win.cc:1058 Failed to read descriptor from node connection: 시스템에 부착된 장치가 작동하지 않습니다. (0x1F)
5월 28, 2021 18:39:14.11 [23684:20148:0528/183914.006:ERROR:device_event_log_impl.cc(214)] [18:39:14.006] USB: usb_device_handle_win.cc:1058 Failed to read descriptor from node connection: 시스템에 부착된 장치가 작동하지 않습니다. (0x1F)
5월 28, 2021 18:39:14.12 [23684:20148:0528/183914.007:ERROR:device_event_log_impl.cc(214)] [18:39:14.007] USB: usb_device_handle_win.cc:1058 Failed to read descriptor from node connection: 시스템에 부착된 장치가 작동하지 않습니다. (0x1F)
5월 28, 2021 19:03:59.131 [23684:20148:0528/190359.130:ERROR:CONSOLE(1)] "Request Runtime.evaluate failed. {"code":-32602,"message":"uniqueContextId not found"}", source: devtools://devtools/bundled/core/protocol_client/protocol_client.js (1)
5월 28, 2021 19:03:59.134 [23684:20148:0528/190359.133:ERROR:CONSOLE(1)] "uniqueContextId not found", source: devtools://devtools/bundled/core/sdk/sdk.js (1)
5월 28, 2021 19:03:59.136 [23684:20148:0528/190359.134:ERROR:CONSOLE(1)] "Extension server error: Inspector protocol error: uniqueContextId not found", source: devtools://devtools/bundled/models/extensions/extensions.js (1)
5월 28, 2021 19:04:51.01 [23684:20148:0528/190451.000:ERROR:CONSOLE(1)] "Request Runtime.evaluate failed. {"code":-32602,"message":"uniqueContextId not found"}", source: devtools://devtools/bundled/core/protocol_client/protocol_client.js (1)
5월 28, 2021 19:04:51.03 [23684:20148:0528/190451.003:ERROR:CONSOLE(1)] "uniqueContextId not found", source: devtools://devtools/bundled/core/sdk/sdk.js (1)
5월 28, 2021 19:04:51.07 [23684:20148:0528/190451.005:ERROR:CONSOLE(1)] "Extension server error: Inspector protocol error: uniqueContextId not found", source: devtools://devtools/bundled/models/extensions/extensions.js (1)
5월 28, 2021 19:04:57.289 [23684:20148:0528/190457.287:ERROR:CONSOLE(1)] "Request Runtime.evaluate failed. {"code":-32602,"message":"uniqueContextId not found"}", source: devtools://devtools/bundled/core/protocol_client/protocol_client.js (1)
5월 28, 2021 19:04:57.292 [23684:20148:0528/190457.291:ERROR:CONSOLE(1)] "uniqueContextId not found", source: devtools://devtools/bundled/core/sdk/sdk.js (1)
5월 28, 2021 19:04:57.293 [23684:20148:0528/190457.292:ERROR:CONSOLE(1)] "Extension server error: Inspector protocol error: uniqueContextId not found", source: devtools://devtools/bundled/models/extensions/extensions.js (1)
5월 28, 2021 19:17:09.584 [23684:20148:0528/191709.583:ERROR:CONSOLE(1)] "Request Runtime.evaluate failed. {"code":-32602,"message":"uniqueContextId not found"}", source: devtools://devtools/bundled/core/protocol_client/protocol_client.js (1)
5월 28, 2021 19:17:09.586 [23684:20148:0528/191709.584:ERROR:CONSOLE(1)] "uniqueContextId not found", source: devtools://devtools/bundled/core/sdk/sdk.js (1)
5월 28, 2021 19:17:09.588 [23684:20148:0528/191709.585:ERROR:CONSOLE(1)] "Extension server error: Inspector protocol error: uniqueContextId not found", source: devtools://devtools/bundled/models/extensions/extensions.js (1)

5월 30, 2021 21:04:39.145 NEW SESSION
5월 30, 2021 21:04:39.145 [28196:12040:0530/210439.140:ERROR:device_event_log_impl.cc(214)] [21:04:39.140] USB: usb_device_handle_win.cc:1058 Failed to read descriptor from node connection: 시스템에 부착된 장치가 작동하지 않습니다. (0x1F)
5월 30, 2021 21:04:39.148 [28196:12040:0530/210439.142:ERROR:device_event_log_impl.cc(214)] [21:04:39.142] USB: usb_device_handle_win.cc:1058 Failed to read descriptor from node connection: 시스템에 부착된 장치가 작동하지 않습니다. (0x1F)
5월 30, 2021 21:15:02.347 [23480:19984:0530/211502.346:ERROR:device_event_log_impl.cc(214)] [21:15:02.346] USB: usb_device_handle_win.cc:1058 Failed to read descriptor from node connection: 시스템에 부착된 장치가 작동하지 않습니다. (0x1F)
5월 30, 2021 21:15:02.349 [23480:19984:0530/211502.347:ERROR:device_event_log_impl.cc(214)] [21:15:02.346] USB: usb_device_handle_win.cc:1058 Failed to read descriptor from node connection: 시스템에 부착된 장치가 작동하지 않습니다. (0x1F)
5월 30, 2021 21:15:02.350 [23480:19984:0530/211502.347:ERROR:device_event_log_impl.cc(214)] [21:15:02.347] USB: usb_device_handle_win.cc:1058 Failed to read descriptor from node connection: 시스템에 부착된 장치가 작동하지 않습니다. (0x1F)
5월 30, 2021 21:16:17.699 [23480:19984:0530/211617.698:ERROR:CONSOLE(1)] "Request Runtime.evaluate failed. {"code":-32602,"message":"uniqueContextId not found"}", source: devtools://devtools/bundled/core/protocol_client/protocol_client.js (1)
5월 30, 2021 21:16:17.708 [23480:19984:0530/211617.700:ERROR:CONSOLE(1)] "uniqueContextId not found", source: devtools://devtools/bundled/core/sdk/sdk.js (1)
5월 30, 2021 21:16:17.710 [23480:19984:0530/211617.701:ERROR:CONSOLE(1)] "Extension server error: Inspector protocol error: uniqueContextId not found", source: devtools://devtools/bundled/models/extensions/extensions.js (1)
5월 30, 2021 21:18:40.243 [23480:19984:0530/211840.242:ERROR:CONSOLE(1)] "Request Runtime.evaluate failed. {"code":-32602,"message":"uniqueContextId not found"}", source: devtools://devtools/bundled/core/protocol_client/protocol_client.js (1)
5월 30, 2021 21:18:40.246 [23480:19984:0530/211840.245:ERROR:CONSOLE(1)] "uniqueContextId not found", source: devtools://devtools/bundled/core/sdk/sdk.js (1)
5월 30, 2021 21:18:40.247 [23480:19984:0530/211840.246:ERROR:CONSOLE(1)] "Extension server error: Inspector protocol error: uniqueContextId not found", source: devtools://devtools/bundled/models/extensions/extensions.js (1)
5월 30, 2021 21:19:34.53 [2756:26628:0530/211934.052:ERROR:device_event_log_impl.cc(214)] [21:19:34.051] USB: usb_device_handle_win.cc:1058 Failed to read descriptor from node connection: 시스템에 부착된 장치가 작동하지 않습니다. (0x1F)
5월 30, 2021 21:19:34.55 [2756:26628:0530/211934.052:ERROR:device_event_log_impl.cc(214)] [21:19:34.052] USB: usb_device_handle_win.cc:1058 Failed to read descriptor from node connection: 시스템에 부착된 장치가 작동하지 않습니다. (0x1F)
5월 30, 2021 21:19:34.60 [2756:26628:0530/211934.052:ERROR:device_event_log_impl.cc(214)] [21:19:34.052] USB: usb_device_handle_win.cc:1058 Failed to read descriptor from node connection: 시스템에 부착된 장치가 작동하지 않습니다. (0x1F)

5월 30, 2021 22:19:47.332 NEW SESSION
5월 30, 2021 22:19:47.333 [20528:2840:0530/221947.329:ERROR:device_event_log_impl.cc(214)] [22:19:47.329] USB: usb_device_handle_win.cc:1058 Failed to read descriptor from node connection: 시스템에 부착된 장치가 작동하지 않습니다. (0x1F)
5월 30, 2021 22:19:47.335 [20528:2840:0530/221947.332:ERROR:device_event_log_impl.cc(214)] [22:19:47.331] USB: usb_device_handle_win.cc:1058 Failed to read descriptor from node connection: 시스템에 부착된 장치가 작동하지 않습니다. (0x1F)

5월 30, 2021 22:21:45.693 NEW SESSION
5월 30, 2021 22:21:45.693 [19592:20552:0530/222145.689:ERROR:device_event_log_impl.cc(214)] [22:21:45.689] USB: usb_device_handle_win.cc:1058 Failed to read descriptor from node connection: 시스템에 부착된 장치가 작동하지 않습니다. (0x1F)
5월 30, 2021 22:21:45.695 [19592:20552:0530/222145.690:ERROR:device_event_log_impl.cc(214)] [22:21:45.689] USB: usb_device_handle_win.cc:1058 Failed to read descriptor from node connection: 시스템에 부착된 장치가 작동하지 않습니다. (0x1F)
5월 30, 2021 22:21:45.696 [19592:20552:0530/222145.692:ERROR:device_event_log_impl.cc(214)] [22:21:45.691] USB: usb_device_handle_win.cc:1058 Failed to read descriptor from node connection: 시스템에 부착된 장치가 작동하지 않습니다. (0x1F)

5월 30, 2021 22:29:21.36 NEW SESSION
5월 30, 2021 22:29:21.37 [5728:4020:0530/222921.032:ERROR:device_event_log_impl.cc(214)] [22:29:21.028] USB: usb_device_handle_win.cc:1058 Failed to read descriptor from node connection: 시스템에 부착된 장치가 작동하지 않습니다. (0x1F)
5월 30, 2021 22:29:21.39 [5728:4020:0530/222921.037:ERROR:device_event_log_impl.cc(214)] [22:29:21.032] USB: usb_device_handle_win.cc:1058 Failed to read descriptor from node connection: 시스템에 부착된 장치가 작동하지 않습니다. (0x1F)
5월 30, 2021 22:31:35.729 [5728:4020:0530/223135.728:ERROR:CONSOLE(1)] "Request Runtime.evaluate failed. {"code":-32602,"message":"uniqueContextId not found"}", source: devtools://devtools/bundled/core/protocol_client/protocol_client.js (1)
5월 30, 2021 22:31:35.731 [5728:4020:0530/223135.729:ERROR:CONSOLE(1)] "uniqueContextId not found", source: devtools://devtools/bundled/core/sdk/sdk.js (1)
5월 30, 2021 22:31:35.731 [5728:4020:0530/223135.730:ERROR:CONSOLE(1)] "Extension server error: Inspector protocol error: uniqueContextId not found", source: devtools://devtools/bundled/models/extensions/extensions.js (1)

6월 04, 2021 18:14:24.222 NEW SESSION
6월 04, 2021 18:14:24.222 [8220:4540:0604/181424.217:ERROR:device_event_log_impl.cc(214)] [18:14:24.217] USB: usb_device_handle_win.cc:1058 Failed to read descriptor from node connection: 시스템에 부착된 장치가 작동하지 않습니다. (0x1F)
6월 04, 2021 18:14:24.225 [8220:4540:0604/181424.219:ERROR:device_event_log_impl.cc(214)] [18:14:24.219] USB: usb_device_handle_win.cc:1058 Failed to read descriptor from node connection: 시스템에 부착된 장치가 작동하지 않습니다. (0x1F)
6월 04, 2021 19:16:30.902 [8220:4540:0604/191630.893:ERROR:CONSOLE(1)] "Request Runtime.evaluate failed. {"code":-32602,"message":"uniqueContextId not found"}", source: devtools://devtools/bundled/core/protocol_client/protocol_client.js (1)
6월 04, 2021 19:16:30.911 [8220:4540:0604/191630.902:ERROR:CONSOLE(1)] "uniqueContextId not found", source: devtools://devtools/bundled/core/sdk/sdk.js (1)
6월 04, 2021 19:16:30.914 [8220:4540:0604/191630.902:ERROR:CONSOLE(1)] "Extension server error: Inspector protocol error: uniqueContextId not found", source: devtools://devtools/bundled/models/extensions/extensions.js (1)
6월 04, 2021 19:36:42.468 [8220:4540:0604/193642.467:ERROR:CONSOLE(1)] "Request Runtime.evaluate failed. {"code":-32602,"message":"uniqueContextId not found"}", source: devtools://devtools/bundled/core/protocol_client/protocol_client.js (1)
6월 04, 2021 19:36:42.470 [8220:4540:0604/193642.468:ERROR:CONSOLE(1)] "uniqueContextId not found", source: devtools://devtools/bundled/core/sdk/sdk.js (1)
6월 04, 2021 19:36:42.472 [8220:4540:0604/193642.469:ERROR:CONSOLE(1)] "Extension server error: Inspector protocol error: uniqueContextId not found", source: devtools://devtools/bundled/models/extensions/extensions.js (1)
6월 04, 2021 19:38:24.179 [8220:4540:0604/193824.178:ERROR:CONSOLE(1)] "Request Runtime.evaluate failed. {"code":-32602,"message":"uniqueContextId not found"}", source: devtools://devtools/bundled/core/protocol_client/protocol_client.js (1)
6월 04, 2021 19:38:24.181 [8220:4540:0604/193824.180:ERROR:CONSOLE(1)] "uniqueContextId not found", source: devtools://devtools/bundled/core/sdk/sdk.js (1)
6월 04, 2021 19:38:24.183 [8220:4540:0604/193824.181:ERROR:CONSOLE(1)] "Extension server error: Inspector protocol error: uniqueContextId not found", source: devtools://devtools/bundled/models/extensions/extensions.js (1)
6월 04, 2021 19:39:45.160 [8220:4540:0604/193945.159:ERROR:CONSOLE(1)] "Request Runtime.evaluate failed. {"code":-32602,"message":"uniqueContextId not found"}", source: devtools://devtools/bundled/core/protocol_client/protocol_client.js (1)
6월 04, 2021 19:39:45.164 [8220:4540:0604/193945.163:ERROR:CONSOLE(1)] "uniqueContextId not found", source: devtools://devtools/bundled/core/sdk/sdk.js (1)
6월 04, 2021 19:39:45.166 [8220:4540:0604/193945.164:ERROR:CONSOLE(1)] "Extension server error: Inspector protocol error: uniqueContextId not found", source: devtools://devtools/bundled/models/extensions/extensions.js (1)
6월 04, 2021 19:50:18.212 [8220:4540:0604/195018.212:ERROR:CONSOLE(1)] "Request Runtime.evaluate failed. {"code":-32602,"message":"uniqueContextId not found"}", source: devtools://devtools/bundled/core/protocol_client/protocol_client.js (1)
6월 04, 2021 19:50:18.214 [8220:4540:0604/195018.213:ERROR:CONSOLE(1)] "uniqueContextId not found", source: devtools://devtools/bundled/core/sdk/sdk.js (1)
6월 04, 2021 19:50:18.216 [8220:4540:0604/195018.214:ERROR:CONSOLE(1)] "Extension server error: Inspector protocol error: uniqueContextId not found", source: devtools://devtools/bundled/models/extensions/extensions.js (1)

6월 05, 2021 14:02:24.964 NEW SESSION
6월 05, 2021 14:02:24.964 [17244:19724:0605/140224.961:ERROR:device_event_log_impl.cc(214)] [14:02:24.960] USB: usb_device_handle_win.cc:1058 Failed to read descriptor from node connection: 시스템에 부착된 장치가 작동하지 않습니다. (0x1F)
6월 05, 2021 14:02:24.967 [17244:19724:0605/140224.962:ERROR:device_event_log_impl.cc(214)] [14:02:24.961] USB: usb_device_handle_win.cc:1058 Failed to read descriptor from node connection: 시스템에 부착된 장치가 작동하지 않습니다. (0x1F)
6월 05, 2021 14:09:29.521 [17244:19724:0605/140929.521:ERROR:CONSOLE(1)] "Request Runtime.evaluate failed. {"code":-32602,"message":"uniqueContextId not found"}", source: devtools://devtools/bundled/core/protocol_client/protocol_client.js (1)
6월 05, 2021 14:09:29.524 [17244:19724:0605/140929.524:ERROR:CONSOLE(1)] "uniqueContextId not found", source: devtools://devtools/bundled/core/sdk/sdk.js (1)
6월 05, 2021 14:09:29.526 [17244:19724:0605/140929.525:ERROR:CONSOLE(1)] "Extension server error: Inspector protocol error: uniqueContextId not found", source: devtools://devtools/bundled/models/extensions/extensions.js (1)
6월 05, 2021 14:14:18.490 [17244:19724:0605/141418.489:ERROR:CONSOLE(1)] "Request Runtime.evaluate failed. {"code":-32602,"message":"uniqueContextId not found"}", source: devtools://devtools/bundled/core/protocol_client/protocol_client.js (1)
6월 05, 2021 14:14:18.492 [17244:19724:0605/141418.490:ERROR:CONSOLE(1)] "uniqueContextId not found", source: devtools://devtools/bundled/core/sdk/sdk.js (1)
6월 05, 2021 14:14:18.493 [17244:19724:0605/141418.492:ERROR:CONSOLE(1)] "Extension server error: Inspector protocol error: uniqueContextId not found", source: devtools://devtools/bundled/models/extensions/extensions.js (1)
6월 05, 2021 14:24:26.586 [17244:19724:0605/142426.585:ERROR:CONSOLE(1)] "Request Runtime.evaluate failed. {"code":-32602,"message":"uniqueContextId not found"}", source: devtools://devtools/bundled/core/protocol_client/protocol_client.js (1)
6월 05, 2021 14:24:26.588 [17244:19724:0605/142426.588:ERROR:CONSOLE(1)] "uniqueContextId not found", source: devtools://devtools/bundled/core/sdk/sdk.js (1)
6월 05, 2021 14:24:26.590 [17244:19724:0605/142426.589:ERROR:CONSOLE(1)] "Extension server error: Inspector protocol error: uniqueContextId not found", source: devtools://devtools/bundled/models/extensions/extensions.js (1)
6월 05, 2021 14:39:03.124 [17244:19724:0605/143903.122:ERROR:CONSOLE(1)] "Request Runtime.evaluate failed. {"code":-32602,"message":"uniqueContextId not found"}", source: devtools://devtools/bundled/core/protocol_client/protocol_client.js (1)
6월 05, 2021 14:39:03.133 [17244:19724:0605/143903.127:ERROR:CONSOLE(1)] "uniqueContextId not found", source: devtools://devtools/bundled/core/sdk/sdk.js (1)
6월 05, 2021 14:39:03.135 [17244:19724:0605/143903.128:ERROR:CONSOLE(1)] "Extension server error: Inspector protocol error: uniqueContextId not found", source: devtools://devtools/bundled/models/extensions/extensions.js (1)
6월 05, 2021 15:09:35.714 [17244:19724:0605/150935.713:ERROR:CONSOLE(1)] "Request Runtime.evaluate failed. {"code":-32602,"message":"uniqueContextId not found"}", source: devtools://devtools/bundled/core/protocol_client/protocol_client.js (1)
6월 05, 2021 15:09:35.718 [17244:19724:0605/150935.717:ERROR:CONSOLE(1)] "uniqueContextId not found", source: devtools://devtools/bundled/core/sdk/sdk.js (1)
6월 05, 2021 15:09:35.722 [17244:19724:0605/150935.718:ERROR:CONSOLE(1)] "Extension server error: Inspector protocol error: uniqueContextId not found", source: devtools://devtools/bundled/models/extensions/extensions.js (1)
6월 05, 2021 15:11:20.750 [17244:19724:0605/151120.750:ERROR:CONSOLE(1)] "Request Runtime.evaluate failed. {"code":-32602,"message":"uniqueContextId not found"}", source: devtools://devtools/bundled/core/protocol_client/protocol_client.js (1)
6월 05, 2021 15:11:20.754 [17244:19724:0605/151120.754:ERROR:CONSOLE(1)] "uniqueContextId not found", source: devtools://devtools/bundled/core/sdk/sdk.js (1)
6월 05, 2021 15:11:20.755 [17244:19724:0605/151120.755:ERROR:CONSOLE(1)] "Extension server error: Inspector protocol error: uniqueContextId not found", source: devtools://devtools/bundled/models/extensions/extensions.js (1)
6월 05, 2021 15:11:30.735 [17244:19724:0605/151130.734:ERROR:CONSOLE(1)] "Request Runtime.evaluate failed. {"code":-32602,"message":"uniqueContextId not found"}", source: devtools://devtools/bundled/core/protocol_client/protocol_client.js (1)
6월 05, 2021 15:11:30.737 [17244:19724:0605/151130.737:ERROR:CONSOLE(1)] "uniqueContextId not found", source: devtools://devtools/bundled/core/sdk/sdk.js (1)
6월 05, 2021 15:11:30.739 [17244:19724:0605/151130.738:ERROR:CONSOLE(1)] "Extension server error: Inspector protocol error: uniqueContextId not found", source: devtools://devtools/bundled/models/extensions/extensions.js (1)
6월 05, 2021 15:14:23.731 [17244:19724:0605/151423.731:ERROR:CONSOLE(1)] "Request Runtime.evaluate failed. {"code":-32602,"message":"uniqueContextId not found"}", source: devtools://devtools/bundled/core/protocol_client/protocol_client.js (1)
6월 05, 2021 15:14:23.733 [17244:19724:0605/151423.733:ERROR:CONSOLE(1)] "uniqueContextId not found", source: devtools://devtools/bundled/core/sdk/sdk.js (1)
6월 05, 2021 15:14:23.736 [17244:19724:0605/151423.735:ERROR:CONSOLE(1)] "Extension server error: Inspector protocol error: uniqueContextId not found", source: devtools://devtools/bundled/models/extensions/extensions.js (1)
6월 05, 2021 15:15:39.507 [17244:19724:0605/151539.506:ERROR:CONSOLE(1)] "Request Runtime.evaluate failed. {"code":-32602,"message":"uniqueContextId not found"}", source: devtools://devtools/bundled/core/protocol_client/protocol_client.js (1)
6월 05, 2021 15:15:39.509 [17244:19724:0605/151539.509:ERROR:CONSOLE(1)] "uniqueContextId not found", source: devtools://devtools/bundled/core/sdk/sdk.js (1)
6월 05, 2021 15:15:39.512 [17244:19724:0605/151539.510:ERROR:CONSOLE(1)] "Extension server error: Inspector protocol error: uniqueContextId not found", source: devtools://devtools/bundled/models/extensions/extensions.js (1)
6월 05, 2021 15:18:48.526 [17244:19724:0605/151848.525:ERROR:CONSOLE(1)] "Request Runtime.evaluate failed. {"code":-32602,"message":"uniqueContextId not found"}", source: devtools://devtools/bundled/core/protocol_client/protocol_client.js (1)
6월 05, 2021 15:18:48.528 [17244:19724:0605/151848.527:ERROR:CONSOLE(1)] "uniqueContextId not found", source: devtools://devtools/bundled/core/sdk/sdk.js (1)
6월 05, 2021 15:18:48.529 [17244:19724:0605/151848.528:ERROR:CONSOLE(1)] "Extension server error: Inspector protocol error: uniqueContextId not found", source: devtools://devtools/bundled/models/extensions/extensions.js (1)
6월 05, 2021 15:19:07.520 [17244:19724:0605/151907.520:ERROR:CONSOLE(1)] "Request Runtime.evaluate failed. {"code":-32602,"message":"uniqueContextId not found"}", source: devtools://devtools/bundled/core/protocol_client/protocol_client.js (1)
6월 05, 2021 15:19:07.522 [17244:19724:0605/151907.522:ERROR:CONSOLE(1)] "uniqueContextId not found", source: devtools://devtools/bundled/core/sdk/sdk.js (1)
6월 05, 2021 15:19:07.524 [17244:19724:0605/151907.522:ERROR:CONSOLE(1)] "Extension server error: Inspector protocol error: uniqueContextId not found", source: devtools://devtools/bundled/models/extensions/extensions.js (1)
6월 05, 2021 16:39:19.663 [17244:19724:0605/163919.661:ERROR:CONSOLE(1)] "Request Runtime.evaluate failed. {"code":-32602,"message":"uniqueContextId not found"}", source: devtools://devtools/bundled/core/protocol_client/protocol_client.js (1)
6월 05, 2021 16:39:19.665 [17244:19724:0605/163919.663:ERROR:CONSOLE(1)] "uniqueContextId not found", source: devtools://devtools/bundled/core/sdk/sdk.js (1)
6월 05, 2021 16:39:19.666 [17244:19724:0605/163919.664:ERROR:CONSOLE(1)] "Extension server error: Inspector protocol error: uniqueContextId not found", source: devtools://devtools/bundled/models/extensions/extensions.js (1)

6월 13, 2021 12:17:42.74 NEW SESSION
6월 13, 2021 12:17:42.74 [15968:19104:0613/121742.070:ERROR:device_event_log_impl.cc(214)] [12:17:42.070] USB: usb_device_handle_win.cc:1058 Failed to read descriptor from node connection: 시스템에 부착된 장치가 작동하지 않습니다. (0x1F)
6월 13, 2021 12:17:42.77 [15968:19104:0613/121742.070:ERROR:device_event_log_impl.cc(214)] [12:17:42.071] USB: usb_device_handle_win.cc:1058 Failed to read descriptor from node connection: 시스템에 부착된 장치가 작동하지 않습니다. (0x1F)
6월 13, 2021 17:29:29.581 [15968:16124:0613/172929.580:ERROR:connection_factory_impl.cc(429)] Failed to connect to MCS endpoint with error -105
6월 13, 2021 17:29:35.31 [15968:16124:0613/172935.031:ERROR:connection_factory_impl.cc(429)] Failed to connect to MCS endpoint with error -105
6월 13, 2021 20:48:51.583 [15968:16124:0613/204851.583:ERROR:connection_factory_impl.cc(429)] Failed to connect to MCS endpoint with error -105
6월 13, 2021 20:48:51.606 [15968:17160:0613/204851.605:ERROR:get_updates_processor.cc(255)] PostClientToServerMessage() failed during GetUpdates with error 2
6월 13, 2021 20:48:54.648 [15968:16124:0613/204854.647:ERROR:connection_factory_impl.cc(429)] Failed to connect to MCS endpoint with error -105
6월 13, 2021 20:48:54.650 [15968:17160:0613/204854.648:ERROR:get_updates_processor.cc(255)] PostClientToServerMessage() failed during GetUpdates with error 2
6월 13, 2021 20:49:00.468 [15968:16124:0613/204900.467:ERROR:connection_factory_impl.cc(429)] Failed to connect to MCS endpoint with error -105
6월 13, 2021 20:49:00.470 [15968:3784:0613/204900.468:ERROR:get_updates_processor.cc(255)] PostClientToServerMessage() failed during GetUpdates with error 2
6월 13, 2021 20:49:25.339 [15968:19104:0613/204925.337:ERROR:account_info_fetcher.cc(62)] OnGetTokenFailure: Connection failed (-105).
6월 13, 2021 20:49:26.581 [15968:19104:0613/204926.581:ERROR:account_info_fetcher.cc(62)] OnGetTokenFailure: Connection failed (-105).
6월 13, 2021 20:49:36.611 [15968:2160:0613/204936.611:ERROR:get_updates_processor.cc(255)] PostClientToServerMessage() failed during GetUpdates with error 2
6월 13, 2021 20:50:00.570 [15968:16124:0613/205000.570:ERROR:connection_factory_impl.cc(429)] Failed to connect to MCS endpoint with error -105
6월 13, 2021 20:50:00.572 [15968:10876:0613/205000.571:ERROR:get_updates_processor.cc(255)] PostClientToServerMessage() failed during GetUpdates with error 2

6월 13, 2021 20:52:40.109 NEW SESSION
6월 13, 2021 20:52:40.110 [4212:20132:0613/205240.105:ERROR:device_event_log_impl.cc(214)] [20:52:40.105] USB: usb_device_handle_win.cc:1058 Failed to read descriptor from node connection: 시스템에 부착된 장치가 작동하지 않습니다. (0x1F)
6월 13, 2021 20:52:40.113 [4212:20132:0613/205240.106:ERROR:device_event_log_impl.cc(214)] [20:52:40.106] USB: usb_device_handle_win.cc:1058 Failed to read descriptor from node connection: 시스템에 부착된 장치가 작동하지 않습니다. (0x1F)
6월 13, 2021 20:52:40.114 [4212:20132:0613/205240.107:ERROR:device_event_log_impl.cc(214)] [20:52:40.107] USB: usb_device_handle_win.cc:1058 Failed to read descriptor from node connection: 시스템에 부착된 장치가 작동하지 않습니다. (0x1F)
6월 13, 2021 21:42:56.313 [4212:20132:0613/214256.313:ERROR:CONSOLE(1)] "Request Runtime.evaluate failed. {"code":-32602,"message":"uniqueContextId not found"}", source: devtools://devtools/bundled/core/protocol_client/protocol_client.js (1)
6월 13, 2021 21:42:56.316 [4212:20132:0613/214256.313:ERROR:CONSOLE(1)] "uniqueContextId not found", source: devtools://devtools/bundled/core/sdk/sdk.js (1)
6월 13, 2021 21:42:56.318 [4212:20132:0613/214256.313:ERROR:CONSOLE(1)] "Extension server error: Inspector protocol error: uniqueContextId not found", source: devtools://devtools/bundled/models/extensions/extensions.js (1)
6월 13, 2021 21:43:13.557 [4212:20132:0613/214313.557:ERROR:CONSOLE(1)] "Request Runtime.evaluate failed. {"code":-32602,"message":"uniqueContextId not found"}", source: devtools://devtools/bundled/core/protocol_client/protocol_client.js (1)
6월 13, 2021 21:43:13.560 [4212:20132:0613/214313.560:ERROR:CONSOLE(1)] "uniqueContextId not found", source: devtools://devtools/bundled/core/sdk/sdk.js (1)
6월 13, 2021 21:43:13.562 [4212:20132:0613/214313.560:ERROR:CONSOLE(1)] "Extension server error: Inspector protocol error: uniqueContextId not found", source: devtools://devtools/bundled/models/extensions/extensions.js (1)
6월 13, 2021 21:51:21.884 [4212:20132:0613/215121.884:ERROR:CONSOLE(1)] "Request Runtime.evaluate failed. {"code":-32602,"message":"uniqueContextId not found"}", source: devtools://devtools/bundled/core/protocol_client/protocol_client.js (1)
6월 13, 2021 21:51:21.886 [4212:20132:0613/215121.885:ERROR:CONSOLE(1)] "uniqueContextId not found", source: devtools://devtools/bundled/core/sdk/sdk.js (1)
6월 13, 2021 21:51:21.888 [4212:20132:0613/215121.885:ERROR:CONSOLE(1)] "Extension server error: Inspector protocol error: uniqueContextId not found", source: devtools://devtools/bundled/models/extensions/extensions.js (1)
6월 13, 2021 21:52:18.576 [4212:20132:0613/215218.576:ERROR:CONSOLE(1)] "Request Runtime.evaluate failed. {"code":-32602,"message":"uniqueContextId not found"}", source: devtools://devtools/bundled/core/protocol_client/protocol_client.js (1)
6월 13, 2021 21:52:18.580 [4212:20132:0613/215218.580:ERROR:CONSOLE(1)] "uniqueContextId not found", source: devtools://devtools/bundled/core/sdk/sdk.js (1)
6월 13, 2021 21:52:18.583 [4212:20132:0613/215218.580:ERROR:CONSOLE(1)] "Extension server error: Inspector protocol error: uniqueContextId not found", source: devtools://devtools/bundled/models/extensions/extensions.js (1)
6월 13, 2021 21:54:54.730 [4212:20132:0613/215454.730:ERROR:CONSOLE(1)] "Request Runtime.evaluate failed. {"code":-32602,"message":"uniqueContextId not found"}", source: devtools://devtools/bundled/core/protocol_client/protocol_client.js (1)
6월 13, 2021 21:54:54.734 [4212:20132:0613/215454.730:ERROR:CONSOLE(1)] "uniqueContextId not found", source: devtools://devtools/bundled/core/sdk/sdk.js (1)
6월 13, 2021 21:54:54.734 [4212:20132:0613/215454.730:ERROR:CONSOLE(1)] "Extension server error: Inspector protocol error: uniqueContextId not found", source: devtools://devtools/bundled/models/extensions/extensions.js (1)
6월 13, 2021 22:00:32.442 [4212:20132:0613/220032.434:ERROR:CONSOLE(1)] "Request Runtime.evaluate failed. {"code":-32602,"message":"uniqueContextId not found"}", source: devtools://devtools/bundled/core/protocol_client/protocol_client.js (1)
6월 13, 2021 22:00:32.445 [4212:20132:0613/220032.443:ERROR:CONSOLE(1)] "uniqueContextId not found", source: devtools://devtools/bundled/core/sdk/sdk.js (1)
6월 13, 2021 22:00:32.445 [4212:20132:0613/220032.445:ERROR:CONSOLE(1)] "Extension server error: Inspector protocol error: uniqueContextId not found", source: devtools://devtools/bundled/models/extensions/extensions.js (1)
6월 13, 2021 22:00:55.521 [4212:20132:0613/220055.521:ERROR:CONSOLE(1)] "Request Runtime.evaluate failed. {"code":-32602,"message":"uniqueContextId not found"}", source: devtools://devtools/bundled/core/protocol_client/protocol_client.js (1)
6월 13, 2021 22:00:55.521 [4212:20132:0613/220055.521:ERROR:CONSOLE(1)] "uniqueContextId not found", source: devtools://devtools/bundled/core/sdk/sdk.js (1)
6월 13, 2021 22:00:55.521 [4212:20132:0613/220055.521:ERROR:CONSOLE(1)] "Extension server error: Inspector protocol error: uniqueContextId not found", source: devtools://devtools/bundled/models/extensions/extensions.js (1)
6월 13, 2021 22:01:01.481 [4212:20132:0613/220101.481:ERROR:CONSOLE(1)] "Request Runtime.evaluate failed. {"code":-32602,"message":"uniqueContextId not found"}", source: devtools://devtools/bundled/core/protocol_client/protocol_client.js (1)
6월 13, 2021 22:01:01.486 [4212:20132:0613/220101.486:ERROR:CONSOLE(1)] "uniqueContextId not found", source: devtools://devtools/bundled/core/sdk/sdk.js (1)
6월 13, 2021 22:01:01.486 [4212:20132:0613/220101.486:ERROR:CONSOLE(1)] "Extension server error: Inspector protocol error: uniqueContextId not found", source: devtools://devtools/bundled/models/extensions/extensions.js (1)
6월 13, 2021 22:01:18.598 [4212:20132:0613/220118.597:ERROR:CONSOLE(1)] "Request Runtime.evaluate failed. {"code":-32602,"message":"uniqueContextId not found"}", source: devtools://devtools/bundled/core/protocol_client/protocol_client.js (1)
6월 13, 2021 22:01:18.600 [4212:20132:0613/220118.600:ERROR:CONSOLE(1)] "uniqueContextId not found", source: devtools://devtools/bundled/core/sdk/sdk.js (1)
6월 13, 2021 22:01:18.600 [4212:20132:0613/220118.600:ERROR:CONSOLE(1)] "Extension server error: Inspector protocol error: uniqueContextId not found", source: devtools://devtools/bundled/models/extensions/extensions.js (1)
6월 13, 2021 22:01:38.511 [4212:20132:0613/220138.511:ERROR:CONSOLE(1)] "Request Runtime.evaluate failed. {"code":-32602,"message":"uniqueContextId not found"}", source: devtools://devtools/bundled/core/protocol_client/protocol_client.js (1)
6월 13, 2021 22:01:38.519 [4212:20132:0613/220138.519:ERROR:CONSOLE(1)] "uniqueContextId not found", source: devtools://devtools/bundled/core/sdk/sdk.js (1)
6월 13, 2021 22:01:38.519 [4212:20132:0613/220138.519:ERROR:CONSOLE(1)] "Extension server error: Inspector protocol error: uniqueContextId not found", source: devtools://devtools/bundled/models/extensions/extensions.js (1)
6월 13, 2021 22:03:23.533 [4212:20132:0613/220323.532:ERROR:CONSOLE(1)] "Request Runtime.evaluate failed. {"code":-32602,"message":"uniqueContextId not found"}", source: devtools://devtools/bundled/core/protocol_client/protocol_client.js (1)
6월 13, 2021 22:03:23.533 [4212:20132:0613/220323.532:ERROR:CONSOLE(1)] "uniqueContextId not found", source: devtools://devtools/bundled/core/sdk/sdk.js (1)
6월 13, 2021 22:03:23.533 [4212:20132:0613/220323.533:ERROR:CONSOLE(1)] "Extension server error: Inspector protocol error: uniqueContextId not found", source: devtools://devtools/bundled/models/extensions/extensions.js (1)
6월 13, 2021 22:20:59.52 [4212:20132:0613/222059.052:ERROR:CONSOLE(1)] "Request Runtime.evaluate failed. {"code":-32602,"message":"uniqueContextId not found"}", source: devtools://devtools/bundled/core/protocol_client/protocol_client.js (1)
6월 13, 2021 22:20:59.52 [4212:20132:0613/222059.052:ERROR:CONSOLE(1)] "uniqueContextId not found", source: devtools://devtools/bundled/core/sdk/sdk.js (1)
6월 13, 2021 22:20:59.52 [4212:20132:0613/222059.052:ERROR:CONSOLE(1)] "Extension server error: Inspector protocol error: uniqueContextId not found", source: devtools://devtools/bundled/models/extensions/extensions.js (1)
6월 13, 2021 22:27:16.586 [4212:20132:0613/222716.585:ERROR:CONSOLE(1)] "Request Runtime.evaluate failed. {"code":-32602,"message":"uniqueContextId not found"}", source: devtools://devtools/bundled/core/protocol_client/protocol_client.js (1)
6월 13, 2021 22:27:16.587 [4212:20132:0613/222716.587:ERROR:CONSOLE(1)] "uniqueContextId not found", source: devtools://devtools/bundled/core/sdk/sdk.js (1)
6월 13, 2021 22:27:16.589 [4212:20132:0613/222716.588:ERROR:CONSOLE(1)] "Extension server error: Inspector protocol error: uniqueContextId not found", source: devtools://devtools/bundled/models/extensions/extensions.js (1)
6월 13, 2021 22:28:23.446 [4212:20132:0613/222823.446:ERROR:CONSOLE(1)] "Request Runtime.evaluate failed. {"code":-32602,"message":"uniqueContextId not found"}", source: devtools://devtools/bundled/core/protocol_client/protocol_client.js (1)
6월 13, 2021 22:28:23.446 [4212:20132:0613/222823.446:ERROR:CONSOLE(1)] "uniqueContextId not found", source: devtools://devtools/bundled/core/sdk/sdk.js (1)
6월 13, 2021 22:28:23.446 [4212:20132:0613/222823.446:ERROR:CONSOLE(1)] "Extension server error: Inspector protocol error: uniqueContextId not found", source: devtools://devtools/bundled/models/extensions/extensions.js (1)
6월 13, 2021 22:29:16.828 [4212:20132:0613/222916.828:ERROR:CONSOLE(1)] "Request Runtime.evaluate failed. {"code":-32602,"message":"uniqueContextId not found"}", source: devtools://devtools/bundled/core/protocol_client/protocol_client.js (1)
6월 13, 2021 22:29:16.832 [4212:20132:0613/222916.831:ERROR:CONSOLE(1)] "uniqueContextId not found", source: devtools://devtools/bundled/core/sdk/sdk.js (1)
6월 13, 2021 22:29:16.833 [4212:20132:0613/222916.833:ERROR:CONSOLE(1)] "Extension server error: Inspector protocol error: uniqueContextId not found", source: devtools://devtools/bundled/models/extensions/extensions.js (1)
6월 13, 2021 22:30:35.720 [4212:20132:0613/223035.720:ERROR:CONSOLE(1)] "Request Runtime.evaluate failed. {"code":-32602,"message":"uniqueContextId not found"}", source: devtools://devtools/bundled/core/protocol_client/protocol_client.js (1)
6월 13, 2021 22:30:35.720 [4212:20132:0613/223035.720:ERROR:CONSOLE(1)] "uniqueContextId not found", source: devtools://devtools/bundled/core/sdk/sdk.js (1)
6월 13, 2021 22:30:35.729 [4212:20132:0613/223035.729:ERROR:CONSOLE(1)] "Extension server error: Inspector protocol error: uniqueContextId not found", source: devtools://devtools/bundled/models/extensions/extensions.js (1)
6월 13, 2021 22:49:12.360 [4212:6184:0613/224912.360:ERROR:connection_factory_impl.cc(429)] Failed to connect to MCS endpoint with error -105
6월 13, 2021 22:56:32.766 [4212:20132:0613/225632.765:ERROR:CONSOLE(1)] "Request Runtime.evaluate failed. {"code":-32602,"message":"uniqueContextId not found"}", source: devtools://devtools/bundled/core/protocol_client/protocol_client.js (1)
6월 13, 2021 22:56:32.768 [4212:20132:0613/225632.768:ERROR:CONSOLE(1)] "uniqueContextId not found", source: devtools://devtools/bundled/core/sdk/sdk.js (1)
6월 13, 2021 22:56:32.770 [4212:20132:0613/225632.769:ERROR:CONSOLE(1)] "Extension server error: Inspector protocol error: uniqueContextId not found", source: devtools://devtools/bundled/models/extensions/extensions.js (1)
6월 13, 2021 22:57:14.898 [4212:20132:0613/225714.898:ERROR:CONSOLE(1)] "Request Runtime.evaluate failed. {"code":-32602,"message":"uniqueContextId not found"}", source: devtools://devtools/bundled/core/protocol_client/protocol_client.js (1)
6월 13, 2021 22:57:14.905 [4212:20132:0613/225714.900:ERROR:CONSOLE(1)] "uniqueContextId not found", source: devtools://devtools/bundled/core/sdk/sdk.js (1)
6월 13, 2021 22:57:14.909 [4212:20132:0613/225714.900:ERROR:CONSOLE(1)] "Extension server error: Inspector protocol error: uniqueContextId not found", source: devtools://devtools/bundled/models/extensions/extensions.js (1)
6월 13, 2021 22:57:43.870 [4212:20132:0613/225743.869:ERROR:CONSOLE(1)] "Request Runtime.evaluate failed. {"code":-32602,"message":"uniqueContextId not found"}", source: devtools://devtools/bundled/core/protocol_client/protocol_client.js (1)
6월 13, 2021 22:57:43.870 [4212:20132:0613/225743.870:ERROR:CONSOLE(1)] "uniqueContextId not found", source: devtools://devtools/bundled/core/sdk/sdk.js (1)
6월 13, 2021 22:57:43.874 [4212:20132:0613/225743.872:ERROR:CONSOLE(1)] "Extension server error: Inspector protocol error: uniqueContextId not found", source: devtools://devtools/bundled/models/extensions/extensions.js (1)
6월 13, 2021 22:58:34.512 [4212:20132:0613/225834.511:ERROR:CONSOLE(1)] "Request Runtime.evaluate failed. {"code":-32602,"message":"uniqueContextId not found"}", source: devtools://devtools/bundled/core/protocol_client/protocol_client.js (1)
6월 13, 2021 22:58:34.515 [4212:20132:0613/225834.515:ERROR:CONSOLE(1)] "uniqueContextId not found", source: devtools://devtools/bundled/core/sdk/sdk.js (1)
6월 13, 2021 22:58:34.517 [4212:20132:0613/225834.516:ERROR:CONSOLE(1)] "Extension server error: Inspector protocol error: uniqueContextId not found", source: devtools://devtools/bundled/models/extensions/extensions.js (1)
6월 13, 2021 23:06:53.583 [4212:20132:0613/230653.583:ERROR:CONSOLE(1)] "Request Runtime.evaluate failed. {"code":-32602,"message":"uniqueContextId not found"}", source: devtools://devtools/bundled/core/protocol_client/protocol_client.js (1)
6월 13, 2021 23:06:53.583 [4212:20132:0613/230653.583:ERROR:CONSOLE(1)] "uniqueContextId not found", source: devtools://devtools/bundled/core/sdk/sdk.js (1)
6월 13, 2021 23:06:53.591 [4212:20132:0613/230653.583:ERROR:CONSOLE(1)] "Extension server error: Inspector protocol error: uniqueContextId not found", source: devtools://devtools/bundled/models/extensions/extensions.js (1)
6월 14, 2021 01:14:26.874 [4212:20132:0614/011426.874:ERROR:CONSOLE(1)] "Request Runtime.evaluate failed. {"code":-32602,"message":"uniqueContextId not found"}", source: devtools://devtools/bundled/core/protocol_client/protocol_client.js (1)
6월 14, 2021 01:14:26.877 [4212:20132:0614/011426.876:ERROR:CONSOLE(1)] "uniqueContextId not found", source: devtools://devtools/bundled/core/sdk/sdk.js (1)
6월 14, 2021 01:14:26.878 [4212:20132:0614/011426.877:ERROR:CONSOLE(1)] "Extension server error: Inspector protocol error: uniqueContextId not found", source: devtools://devtools/bundled/models/extensions/extensions.js (1)
6월 14, 2021 02:23:23.627 [4212:20132:0614/022323.627:ERROR:CONSOLE(1)] "Request Runtime.evaluate failed. {"code":-32602,"message":"uniqueContextId not found"}", source: devtools://devtools/bundled/core/protocol_client/protocol_client.js (1)
6월 14, 2021 02:23:23.637 [4212:20132:0614/022323.627:ERROR:CONSOLE(1)] "uniqueContextId not found", source: devtools://devtools/bundled/core/sdk/sdk.js (1)
6월 14, 2021 02:23:23.637 [4212:20132:0614/022323.630:ERROR:CONSOLE(1)] "Extension server error: Inspector protocol error: uniqueContextId not found", source: devtools://devtools/bundled/models/extensions/extensions.js (1)
6월 14, 2021 02:23:24.607 [4212:20132:0614/022324.607:ERROR:CONSOLE(1)] "Request Runtime.evaluate failed. {"code":-32602,"message":"uniqueContextId not found"}", source: devtools://devtools/bundled/core/protocol_client/protocol_client.js (1)
6월 14, 2021 02:23:24.613 [4212:20132:0614/022324.607:ERROR:CONSOLE(1)] "uniqueContextId not found", source: devtools://devtools/bundled/core/sdk/sdk.js (1)
6월 14, 2021 02:23:24.614 [4212:20132:0614/022324.607:ERROR:CONSOLE(1)] "Extension server error: Inspector protocol error: uniqueContextId not found", source: devtools://devtools/bundled/models/extensions/extensions.js (1)

6월 21, 2021 13:14:32.367 NEW SESSION
6월 21, 2021 13:14:32.367 [21272:21260:0621/131432.365:ERROR:device_event_log_impl.cc(214)] [13:14:32.364] USB: usb_device_handle_win.cc:1058 Failed to read descriptor from node connection: 시스템에 부착된 장치가 작동하지 않습니다. (0x1F)
6월 21, 2021 13:14:32.369 [21272:21260:0621/131432.367:ERROR:device_event_log_impl.cc(214)] [13:14:32.366] USB: usb_device_handle_win.cc:1058 Failed to read descriptor from node connection: 시스템에 부착된 장치가 작동하지 않습니다. (0x1F)
6월 21, 2021 13:19:27.383 [21272:21260:0621/131927.383:ERROR:CONSOLE(1)] "Request Runtime.evaluate failed. {"code":-32602,"message":"uniqueContextId not found"}", source: devtools://devtools/bundled/core/protocol_client/protocol_client.js (1)
6월 21, 2021 13:19:27.385 [21272:21260:0621/131927.384:ERROR:CONSOLE(1)] "uniqueContextId not found", source: devtools://devtools/bundled/core/sdk/sdk.js (1)
6월 21, 2021 13:19:27.387 [21272:21260:0621/131927.385:ERROR:CONSOLE(1)] "Extension server error: Inspector protocol error: uniqueContextId not found", source: devtools://devtools/bundled/models/extensions/extensions.js (1)
6월 21, 2021 13:24:05.225 [21272:13612:0621/132405.223:ERROR:connection_factory_impl.cc(429)] Failed to connect to MCS endpoint with error -105
6월 21, 2021 13:24:26.939 [21272:13612:0621/132426.938:ERROR:connection_factory_impl.cc(429)] Failed to connect to MCS endpoint with error -105
6월 21, 2021 13:24:56.412 [4984:12708:0621/132456.411:ERROR:device_event_log_impl.cc(214)] [13:24:56.411] USB: usb_device_handle_win.cc:1058 Failed to read descriptor from node connection: 시스템에 부착된 장치가 작동하지 않습니다. (0x1F)
6월 21, 2021 13:24:56.415 [4984:12708:0621/132456.411:ERROR:device_event_log_impl.cc(214)] [13:24:56.411] USB: usb_device_handle_win.cc:1058 Failed to read descriptor from node connection: 시스템에 부착된 장치가 작동하지 않습니다. (0x1F)
6월 21, 2021 13:24:56.416 [4984:12708:0621/132456.411:ERROR:device_event_log_impl.cc(214)] [13:24:56.411] USB: usb_device_handle_win.cc:1058 Failed to read descriptor from node connection: 시스템에 부착된 장치가 작동하지 않습니다. (0x1F)
6월 21, 2021 13:24:56.423 [4984:12236:0621/132456.423:ERROR:connection_factory_impl.cc(429)] Failed to connect to MCS endpoint with error -105
6월 21, 2021 13:25:02.803 [4984:12708:0621/132502.802:ERROR:CONSOLE(1)] "Request Runtime.evaluate failed. {"code":-32602,"message":"uniqueContextId not found"}", source: devtools://devtools/bundled/core/protocol_client/protocol_client.js (1)
6월 21, 2021 13:25:02.819 [4984:12708:0621/132502.803:ERROR:CONSOLE(1)] "uniqueContextId not found", source: devtools://devtools/bundled/core/sdk/sdk.js (1)
6월 21, 2021 13:25:02.822 [4984:12708:0621/132502.804:ERROR:CONSOLE(1)] "Extension server error: Inspector protocol error: uniqueContextId not found", source: devtools://devtools/bundled/models/extensions/extensions.js (1)
6월 21, 2021 13:25:19.05 [7864:19680:0621/132519.005:ERROR:device_event_log_impl.cc(214)] [13:25:19.005] USB: usb_device_handle_win.cc:1058 Failed to read descriptor from node connection: 시스템에 부착된 장치가 작동하지 않습니다. (0x1F)
6월 21, 2021 13:25:19.07 [7864:19680:0621/132519.005:ERROR:device_event_log_impl.cc(214)] [13:25:19.005] USB: usb_device_handle_win.cc:1058 Failed to read descriptor from node connection: 시스템에 부착된 장치가 작동하지 않습니다. (0x1F)
6월 21, 2021 13:25:19.08 [7864:7384:0621/132519.006:ERROR:connection_factory_impl.cc(429)] Failed to connect to MCS endpoint with error -105
6월 21, 2021 13:25:47.401 [7864:7384:0621/132547.400:ERROR:connection_factory_impl.cc(429)] Failed to connect to MCS endpoint with error -105

6월 21, 2021 13:26:49.519 NEW SESSION
6월 21, 2021 13:26:49.519 [11192:19916:0621/132649.514:ERROR:device_event_log_impl.cc(214)] [13:26:49.511] USB: usb_device_handle_win.cc:1058 Failed to read descriptor from node connection: 시스템에 부착된 장치가 작동하지 않습니다. (0x1F)
6월 21, 2021 13:26:49.521 [11192:19916:0621/132649.517:ERROR:device_event_log_impl.cc(214)] [13:26:49.514] USB: usb_device_handle_win.cc:1058 Failed to read descriptor from node connection: 시스템에 부착된 장치가 작동하지 않습니다. (0x1F)
6월 21, 2021 13:26:49.523 [11192:15300:0621/132649.522:ERROR:connection_factory_impl.cc(429)] Failed to connect to MCS endpoint with error -105
6월 21, 2021 14:20:48.308 [11192:15300:0621/142048.307:ERROR:connection_factory_impl.cc(429)] Failed to connect to MCS endpoint with error -105
6월 21, 2021 14:21:12.464 [11192:15300:0621/142112.463:ERROR:connection_factory_impl.cc(429)] Failed to connect to MCS endpoint with error -105
6월 21, 2021 14:22:08.757 [11192:15300:0621/142208.756:ERROR:connection_factory_impl.cc(429)] Failed to connect to MCS endpoint with error -105
6월 21, 2021 14:23:29.320 [11192:15300:0621/142329.319:ERROR:connection_factory_impl.cc(429)] Failed to connect to MCS endpoint with error -105
6월 21, 2021 15:46:25.638 [11192:19916:0621/154625.636:ERROR:bad_message.cc(28)] Terminating renderer for bad IPC message, reason 2
6월 21, 2021 18:11:25.703 [11192:15300:0621/181125.702:ERROR:connection_factory_impl.cc(429)] Failed to connect to MCS endpoint with error -105
